-------------------------------------------------------------------------------
Test set: QuantityWeightTest
-------------------------------------------------------------------------------
Tests run: 15, Failures: 2, Errors: 0, Skipped: 0, Time elapsed: 0.028 s <<< FAILURE! -- in QuantityWeightTest
QuantityWeightTest.testConversion_KilogramToPound -- Time elapsed: 0.009 s <<< FAILURE!
org.opentest4j.AssertionFailedError: expected: QuantityWeight@243c4f91<2.205 POUND> but was: QuantityWeight@291ae<2.205 POUND>
	at org.junit.jupiter.api.AssertionFailureBuilder.build(AssertionFailureBuilder.java:151)
	at org.junit.jupiter.api.AssertionFailureBuilder.buildAndThrow(AssertionFailureBuilder.java:132)
	at org.junit.jupiter.api.AssertEquals.failNotEqual(AssertEquals.java:197)
	at org.junit.jupiter.api.AssertEquals.assertEquals(AssertEquals.java:182)
	at org.junit.jupiter.api.AssertEquals.assertEquals(AssertEquals.java:177)
	at org.junit.jupiter.api.Assertions.assertEquals(Assertions.java:1145)
	at QuantityWeightTest.testConversion_KilogramToPound(QuantityWeightTest.java:64)
	at java.base/java.lang.reflect.Method.invoke(Method.java:565)
	at java.base/java.util.ArrayList.forEach(ArrayList.java:1604)
	at java.base/java.util.ArrayList.forEach(ArrayList.java:1604)

QuantityWeightTest.testAddition_ExplicitTargetUnit_Kilogram -- Time elapsed: 0 s <<< FAILURE!
org.opentest4j.AssertionFailedError: expected: <2000.000 GRAM> but was: <0.002 GRAM>
	at org.junit.jupiter.api.AssertionFailureBuilder.build(AssertionFailureBuilder.java:151)
	at org.junit.jupiter.api.AssertionFailureBuilder.buildAndThrow(AssertionFailureBuilder.java:132)
	at org.junit.jupiter.api.AssertEquals.failNotEqual(AssertEquals.java:197)
	at org.junit.jupiter.api.AssertEquals.assertEquals(AssertEquals.java:182)
	at org.junit.jupiter.api.AssertEquals.assertEquals(AssertEquals.java:177)
	at org.junit.jupiter.api.Assertions.assertEquals(Assertions.java:1145)
	at QuantityWeightTest.testAddition_ExplicitTargetUnit_Kilogram(QuantityWeightTest.java:108)
	at java.base/java.lang.reflect.Method.invoke(Method.java:565)
	at java.base/java.util.ArrayList.forEach(ArrayList.java:1604)
	at java.base/java.util.ArrayList.forEach(ArrayList.java:1604)

